12.566
314.159
1256637040.765
142510.247
142513.791
5.196
18.000
64.952
138.593
238.053
363.000
513.284
688.830
889.594
1115.551
1366.685
1642.983
1944.440
2271.049
1247.470
2999.709
3401.755
3828.942
4281.270
4758.736
5261.341
5789.083
6341.962
6919.977
7523.127
31395.260
142468.937
47523.444
5700127.159
1256511380.201
258657.319
4812849.343
14367544.366
594209.364
93752392.421
47527.503
14096.477
3215.592
47508.487
9820.054
13273.214
1937842.214
2405146.570
47527.651
47528.625
17275693.070
47508.487
5806.279
1009866.120
23234.705
47374.871
3059111.334
