0.1 13950 15000
0.03 13531.5 15000
0.03 13125.6 15000
0.002 13099.3 15000
0.002 13073.1 15000
0.002 13047 15000
0.002 13020.9 15000
0.002 12994.8 15000
0.002 12968.8 15000
0.002 12942.9 15000
0.002 12917 15000
0.002 12891.2 15000
0.002 12865.4 15000
0.002 12839.7 15000
0.002 12814 15000
0.002 12788.4 15000
0.002 12762.8 15000
0.002 12737.3 15000
0.002 12711.8 15000
0.002 12686.4 15000
0.002 12661 15000
0.002 12635.7 15000
0.002 12610.4 15000
0.002 12585.2 15000
0.002 12560 15000
0.002 12534.9 15000
0.002 12509.8 15000
0.002 12484.8 15000
0.002 12459.8 15000
0.002 12434.9 15000
0.002 12410 15000
0.002 12385.2 15000
0.002 12360.4 15000
0.002 12335.7 15000
0.002 12311 15000
0.002 12286.4 15000
0.002 12261.9 15000
0.002 12237.3 15000
0.002 12212.9 15000
0.002 12188.4 15000
0.002 12164.1 15000
0.002 12139.7 15000
0.002 12115.4 15000
0.002 12091.2 15000
0.002 12067 15000
0.002 12042.9 15000
0.002 12018.8 15000
0.002 11994.8 15000
0.002 11970.8 15000
0.002 11946.8 15000
0.002 11922.9 15000
0.002 11899.1 15000
0.002 11875.3 15000
0.002 11851.6 15000
0.002 11827.9 15000
0.002 11804.2 15000
0.002 11780.6 15000
0.002 11757 15000
0.002 11733.5 15000
0.002 11710 15000
0.002 11686.6 15000
0.002 11663.3 15000
0.002 11639.9 15000
0.002 11616.6 15000
0.002 11593.4 15000
0.002 11570.2 15000
0.002 11547.1 15000
0.002 11524 15000
0.002 11500.9 15000
0.002 11477.9 15000
0.002 11455 15000
0.002 11432.1 15000
0.002 11409.2 15000
0.002 11386.4 15000
0.002 11363.6 15000
0.002 11340.9 15000
0.002 11318.2 15000
0.002 11295.6 15000
0.002 11273 15000
0.002 11250.4 15000
0.002 11227.9 15000
0.002 11205.5 15000
0.002 11183.1 15000
0.002 11160.7 15000
0.002 11138.4 15000
0.002 11116.1 15000
0.002 11093.9 15000
0.002 11071.7 15000
0.002 11049.5 15000
0.002 11027.4 15000
0.002 11005.4 15000
0.002 10983.4 15000
0.002 10961.4 15000
0.002 10939.5 15000
0.002 10917.6 15000
0.002 10895.8 15000
0.002 10874 15000
0.002 10852.2 15000
0.002 10830.5 15000
0.002 10808.9 15000
0.002 10787.2 15000
0.002 10765.7 15000
0.002 10744.1 15000
0.002 10722.7 15000
0.002 10701.2 15000
0.002 10679.8 15000
0.002 10658.4 15000
0.002 10637.1 15000
0.002 10615.9 15000
0.002 10594.6 15000
0.002 10573.4 15000
0.002 10552.3 15000
0.002 10531.2 15000
0.002 10510.1 15000
0.002 10489.1 15000
0.002 10468.1 15000
0.002 10447.2 15000
0.002 10426.3 15000
0.002 10405.4 15000
0.002 10384.6 15000
0.002 10363.9 15000
0.002 10343.1 15000
0.002 10322.4 15000
0.002 10301.8 15000
0.002 10281.2 15000
0.002 10260.6 15000
0.002 10240.1 15000
0.002 10219.6 15000
0.002 10199.2 15000
0.002 10178.8 15000
0.002 10158.4 15000
0.002 10138.1 15000
0.002 10117.8 15000
0.002 10097.6 15000
0.002 10077.4 15000
0.002 10057.3 15000
0.002 10037.1 15000
0.002 10017.1 15000
0.002 9997.04 15000
0.002 9977.04 15000
0.002 9957.09 15000
0.002 9937.17 15000
0.002 9917.3 15000
0.002 9897.47 15000
0.002 9877.67 15000
0.002 9857.92 15000
0.002 9838.2 15000
0.002 9818.52 15000
0.002 9798.89 15000
0.002 9779.29 15000
0.002 9759.73 15000
0.002 9740.21 15000
0.002 9720.73 15000
0.002 9701.29 15000
0.002 9681.89 15000
0.002 9662.52 15000
0.002 9643.2 15000
0.002 9623.91 15000
0.002 9604.66 15000
0.002 9585.45 15000
0.002 9566.28 15000
0.002 9547.15 15000
0.002 9528.06 15000
0.002 9509 15000
0.002 9489.98 15000
0.002 9471 15000
0.002 9452.06 15000
0.002 9433.16 15000
0.002 9414.29 15000
0.002 9395.46 15000
0.002 9376.67 15000
0.002 9357.92 15000
0.002 9339.2 15000
0.002 9320.52 15000
0.002 9301.88 15000
0.002 9283.28 15000
0.002 9264.71 15000
0.002 9246.18 15000
0.002 9227.69 15000
0.002 9209.23 15000
0.002 9190.82 15000
0.002 9172.43 15000
0.002 9154.09 15000
0.002 9135.78 15000
0.002 9117.51 15000
0.002 9099.27 15000
0.002 9081.08 15000
0.002 9062.91 15000
0.002 9044.79 15000
0.002 9026.7 15000
0.002 9008.64 15000
0.002 8990.63 15000
0.002 8972.65 15000
0.002 8954.7 15000
0.002 8936.79 15000
0.002 8918.92 15000
0.002 8901.08 15000
0.002 8883.28 15000
0.002 8865.51 15000
0.002 8847.78 15000
0.002 8830.08 15000
0.002 8812.42 15000
0.002 8794.8 15000
0.002 8777.21 15000
0.002 8759.66 15000
0.002 8742.14 15000
0.002 8724.65 15000
0.002 8707.2 15000
0.002 8689.79 15000
0.002 8672.41 15000
0.002 8655.06 15000
0.002 8637.75 15000
0.002 8620.48 15000
0.002 8603.24 15000
0.002 8586.03 15000
0.002 8568.86 15000
0.002 8551.72 15000
0.002 8534.62 15000
0.002 8517.55 15000
0.002 8500.51 15000
0.002 8483.51 15000
0.002 8466.54 15000
0.002 8449.61 15000
0.002 8432.71 15000
0.002 8415.85 15000
0.002 8399.02 15000
0.002 8382.22 15000
0.002 8365.45 15000
0.002 8348.72 15000
0.002 8332.02 15000
0.002 8315.36 15000
0.002 8298.73 15000
0.002 8282.13 15000
0.002 8265.57 15000
0.002 8249.04 15000
0.002 8232.54 15000
0.002 8216.07 15000
0.002 8199.64 15000
0.002 8183.24 15000
0.002 8166.88 15000
0.002 8150.54 15000
0.002 8134.24 15000
0.002 8117.97 15000
0.002 8101.74 15000
0.002 8085.53 15000
0.002 8069.36 15000
0.002 8053.22 15000
0.002 8037.12 15000
0.002 8021.04 15000
0.002 8005 15000
0.002 7988.99 14999.9
0.002 7973.01 14999.9
0.002 7957.07 14999.9
0.002 7941.15 14999.9
0.002 7925.27 14999.9
0.002 7909.42 14999.9
0.002 7893.6 14999.9
0.002 7877.81 14999.9
0.002 7862.06 14999.9
0.002 7846.33 14999.9
0.002 7830.64 14999.9
0.002 7814.98 14999.9
0.002 7799.35 14999.9
0.002 7783.75 14999.9
0.002 7768.18 14999.9
0.002 7752.65 14999.9
0.002 7737.14 14999.9
0.002 7721.67 14999.9
0.002 7706.22 14999.9
0.002 7690.81 14999.9
0.002 7675.43 14999.9
0.002 7660.08 14999.9
0.002 7644.76 14999.9
0.002 7629.47 14999.9
0.002 7614.21 14999.9
0.002 7598.98 14999.9
0.002 7583.78 14999.9
0.002 7568.62 14999.9
0.002 7553.48 14999.9
0.002 7538.37 14999.9
0.002 7523.3 14999.9
0.002 7508.25 14999.9
0.002 7493.23 14999.9
0.002 7478.25 14999.9
0.002 7463.29 14999.9
0.002 7448.36 14999.9
0.002 7433.47 14999.9
0.002 7418.6 14999.9
0.002 7403.76 14999.9
0.002 7388.96 14999.9
0.002 7374.18 14999.9
0.002 7359.43 14999.9
0.002 7344.71 14999.9
0.002 7330.02 14999.9
0.002 7315.36 14999.9
0.002 7300.73 14999.9
0.002 7286.13 14999.9
0.002 7271.56 14999.9
0.002 7257.01 14999.9
0.002 7242.5 14999.9
0.002 7228.01 14999.9
0.002 7213.56 14999.9
0.002 7199.13 14999.9
0.002 7184.73 14999.9
0.002 7170.36 14999.9
0.002 7156.02 14999.9
0.002 7141.71 14999.9
0.002 7127.43 14999.9
0.002 7113.17 14999.9
0.002 7098.95 14999.9
0.002 7084.75 14999.9
0.002 7070.58 14999.9
0.002 7056.44 14999.9
0.002 7042.32 14999.9
0.002 7028.24 14999.9
0.002 7014.18 14999.9
0.002 7000.15 14999.9
0.002 6986.15 14999.9
0.002 6972.18 14999.9
0.002 6958.24 14999.9
0.002 6944.32 14999.9
0.002 6930.43 14999.9
0.002 6916.57 14999.9
0.002 6902.74 14999.9
0.002 6888.93 14999.9
0.002 6875.16 14999.9
0.002 6861.4 14999.9
0.002 6847.68 14999.9
0.002 6833.99 14999.9
0.002 6820.32 14999.9
0.002 6806.68 14999.9
0.002 6793.06 14999.9
0.002 6779.48 14999.9
0.002 6765.92 14999.9
0.002 6752.39 14999.9
0.002 6738.88 14999.9
0.002 6725.41 14999.9
0.002 6711.95 14999.9
0.002 6698.53 14999.9
0.002 6685.13 14999.9
0.002 6671.76 14999.9
0.002 6658.42 14999.9
0.002 6645.1 14999.9
0.002 6631.81 14999.9
0.002 6618.55 14999.9
0.002 6605.31 14999.9
0.002 6592.1 14999.9
0.002 6578.92 14999.9
0.002 6565.76 14999.9
0.002 6552.63 14999.9
0.002 6539.52 14999.9
0.002 6526.44 14999.9
0.002 6513.39 14999.9
0.002 6500.36 14999.9
0.002 6487.36 14999.9
0.002 6474.39 14999.9
0.002 6461.44 14999.9
0.002 6448.52 14999.9
0.002 6435.62 14999.9
0.002 6422.75 14999.9
0.002 6409.9 14999.9
0.002 6397.08 14999.9
0.002 6384.29 14999.9
0.002 6371.52 14999.9
0.002 6358.78 14999.9
0.002 6346.06 14999.9
0.002 6333.37 14999.9
0.002 6320.7 14999.9
0.002 6308.06 14999.9
0.002 6295.44 14999.9
0.002 6282.85 14999.9
0.002 6270.29 14999.9
0.002 6257.75 14999.9
0.002 6245.23 14999.9
0.002 6232.74 14999.9
0.002 6220.27 14999.9
0.002 6207.83 14999.9
0.002 6195.42 14999.9
0.002 6183.03 14999.9
0.002 6170.66 14999.9
0.002 6158.32 14999.9
0.002 6146 14999.9
0.002 6133.71 14999.9
0.002 6121.44 14999.9
0.002 6109.2 14999.9
0.002 6096.98 14999.9
0.002 6084.79 14999.9
0.002 6072.62 14999.9
0.002 6060.47 14999.9
0.002 6048.35 14999.9
0.002 6036.26 14999.9
0.002 6024.18 14999.9
0.002 6012.14 14999.9
0.002 6000.11 14999.9
0.002 5988.11 14999.9
0.002 5976.14 14999.9
0.002 5964.18 14999.9
0.002 5952.25 14999.9
0.002 5940.35 14999.9
0.002 5928.47 14999.9
0.002 5916.61 14999.9
0.002 5904.78 14999.9
0.002 5892.97 14999.9
0.002 5881.18 14999.9
0.002 5869.42 14999.9
0.002 5857.68 14999.9
0.002 5845.97 14999.9
0.002 5834.28 14999.9
0.002 5822.61 14999.9
0.002 5810.96 14999.9
0.002 5799.34 14999.9
0.002 5787.74 14999.9
0.002 5776.17 14999.9
0.002 5764.61 14999.9
0.002 5753.08 14999.9
0.002 5741.58 14999.9
0.002 5730.09 14999.9
0.002 5718.63 14999.9
0.002 5707.2 14999.9
0.002 5695.78 14999.9
0.002 5684.39 14999.9
0.002 5673.02 14999.9
0.002 5661.68 14999.9
0.002 5650.35 14999.9
0.002 5639.05 14999.9
0.002 5627.77 14999.9
0.002 5616.52 14999.9
0.002 5605.29 14999.9
0.002 5594.07 14999.9
0.002 5582.89 14999.9
0.002 5571.72 14999.9
0.002 5560.58 14999.9
0.002 5549.46 14999.9
0.002 5538.36 14999.9
0.002 5527.28 14999.9
0.002 5516.23 14999.9
0.002 5505.19 14999.9
0.002 5494.18 14999.9
0.002 5483.19 14999.9
0.002 5472.23 14999.9
0.002 5461.28 14999.9
0.002 5450.36 14999.9
0.002 5439.46 14999.9
0.002 5428.58 14999.9
0.002 5417.72 14999.9
0.002 5406.89 14999.9
0.002 5396.08 14999.9
0.002 5385.28 14999.9
0.002 5374.51 14999.9
0.002 5363.76 14999.9
0.002 5353.04 14999.9
0.002 5342.33 14999.9
0.002 5331.65 14999.9
0.002 5320.98 14999.9
0.002 5310.34 14999.9
0.002 5299.72 14999.9
0.002 5289.12 14999.9
0.002 5278.54 14999.9
0.002 5267.98 14999.9
0.002 5257.45 14999.9
0.002 5246.93 14999.9
0.002 5236.44 14999.9
0.002 5225.97 14999.9
0.002 5215.52 14999.9
0.002 5205.08 14999.9
0.002 5194.67 14999.9
0.002 5184.28 14999.9
0.002 5173.92 14999.9
0.002 5163.57 14999.9
0.002 5153.24 14999.9
0.002 5142.93 14999.9
0.002 5132.65 14999.9
0.002 5122.38 14999.9
0.002 5112.14 14999.9
0.002 5101.91 14999.9
0.002 5091.71 14999.9
0.002 5081.53 14999.9
0.002 5071.36 14999.9
0.002 5061.22 14999.9
0.002 5051.1 14999.9
0.002 5041 14999.9
0.002 5030.91 14999.9
0.002 5020.85 14999.9
0.002 5010.81 14999.9
0.002 5000.79 14999.9
0.002 4990.79 14999.9
0.002 4980.81 14999.9
0.002 4970.84 14999.9
0.002 4960.9 14999.9
0.002 4950.98 14999.9
0.002 4941.08 14999.9
0.002 4931.2 14999.9
0.002 4921.33 14999.9
0.002 4911.49 14999.9
0.002 4901.67 14999.9
0.002 4891.87 14999.9
0.002 4882.08 14999.9
0.002 4872.32 14999.9
0.002 4862.57 14999.9
0.002 4852.85 14999.9
0.002 4843.14 14999.9
0.002 4833.46 14999.9
0.002 4823.79 14999.9
0.002 4814.14 14999.9
0.002 4804.51 14999.9
0.002 4794.9 14999.9
0.002 4785.31 14999.9
0.002 4775.74 14999.9
0.002 4766.19 14999.9
0.002 4756.66 14999.9
0.002 4747.15 14999.9
0.002 4737.65 14999.9
0.002 4728.18 14999.9
0.002 4718.72 14999.9
0.002 4709.28 14999.9
0.002 4699.86 14999.9
0.002 4690.46 14999.9
0.002 4681.08 14999.9
0.002 4671.72 14999.9
0.002 4662.38 14999.9
0.002 4653.05 14999.9
0.002 4643.75 14999.9
0.002 4634.46 14999.9
0.002 4625.19 14999.9
0.002 4615.94 14999.9
0.002 4606.71 14999.9
0.002 4597.5 14999.9
0.002 4588.3 14999.9
0.002 4579.12 14999.9
0.002 4569.97 14999.9
0.002 4560.83 14999.9
0.002 4551.7 14999.9
0.002 4542.6 14999.9
0.002 4533.52 14999.9
0.002 4524.45 14999.9
0.002 4515.4 14999.9
0.002 4506.37 14999.9
0.002 4497.36 14999.9
0.002 4488.36 14999.9
0.002 4479.38 14999.9
0.002 4470.43 14999.9
0.002 4461.48 14999.9
0.002 4452.56 14999.9
0.002 4443.66 14999.9
0.002 4434.77 14999.9
0.002 4425.9 14999.9
0.002 4417.05 14999.9
0.002 4408.21 14999.9
0.002 4399.4 14999.9
0.002 4390.6 14999.9
0.002 4381.82 14999.9
0.002 4373.05 14999.9
0.002 4364.31 14999.9
0.002 4355.58 14999.9
0.002 4346.87 14999.9
0.002 4338.17 14999.9
0.002 4329.5 14999.9
0.002 4320.84 14999.9
0.002 4312.2 14999.9
0.002 4303.57 14999.9
0.002 4294.97 14999.9
0.002 4286.38 14999.9
0.002 4277.8 14999.9
0.002 4269.25 14999.9
0.002 4260.71 14999.9
0.002 4252.19 14999.9
0.002 4243.68 14999.9
0.002 4235.2 14999.9
0.002 4226.73 14999.9
0.002 4218.27 14999.9
0.002 4209.84 14999.9
0.002 4201.42 14999.9
0.002 4193.01 14999.9
0.002 4184.63 14999.9
0.002 4176.26 14999.9
0.002 4167.91 14999.9
0.002 4159.57 14999.9
0.002 4151.25 14999.9
0.002 4142.95 14999.9
0.002 4134.66 14999.9
0.002 4126.39 14999.9
0.002 4118.14 14999.9
0.002 4109.9 14999.9
0.002 4101.68 14999.9
0.002 4093.48 14999.9
0.002 4085.29 14999.9
0.002 4077.12 14999.9
0.002 4068.97 14999.9
0.002 4060.83 14999.9
0.002 4052.71 14999.9
0.002 4044.6 14999.9
0.002 4036.51 14999.9
0.002 4028.44 14999.9
0.002 4020.38 14999.9
0.002 4012.34 14999.9
0.002 4004.32 14999.9
0.002 3996.31 14999.9
0.002 3988.32 14999.9
0.002 3980.34 14999.9
0.002 3972.38 14999.9
0.002 3964.44 14999.9
0.002 3956.51 14999.9
0.002 3948.59 14999.9
0.002 3940.7 14999.9
0.002 3932.82 14999.9
0.002 3924.95 14999.9
0.002 3917.1 14999.9
0.002 3909.27 14999.9
0.002 3901.45 14999.9
0.002 3893.64 14999.9
0.002 3885.86 14999.9
0.002 3878.08 14999.9
0.002 3870.33 14999.9
0.002 3862.59 14999.9
0.002 3854.86 14999.9
0.002 3847.15 14999.9
0.002 3839.46 14999.9
0.002 3831.78 14999.9
0.002 3824.12 14999.9
0.002 3816.47 14999.9
0.002 3808.84 14999.9
0.002 3801.22 14999.9
0.002 3793.62 14999.9
0.002 3786.03 14999.9
0.002 3778.46 14999.9
0.002 3770.9 14999.9
0.002 3763.36 14999.9
0.002 3755.83 14999.9
0.002 3748.32 14999.9
0.002 3740.82 14999.9
0.002 3733.34 14999.9
0.002 3725.87 14999.9
0.002 3718.42 14999.9
0.002 3710.99 14999.9
0.002 3703.56 14999.9
0.002 3696.16 14999.9
0.002 3688.76 14999.9
0.002 3681.39 14999.9
0.002 3674.02 14999.9
0.002 3666.68 14999.9
0.002 3659.34 14999.9
0.002 3652.02 14999.9
0.002 3644.72 14999.9
0.002 3637.43 14999.9
0.002 3630.16 14999.9
0.002 3622.89 14999.9
0.002 3615.65 14999.9
0.002 3608.42 14999.9
0.002 3601.2 14999.9
0.002 3594 14999.9
0.002 3586.81 14999.9
0.002 3579.64 14999.9
0.002 3572.48 14999.9
0.002 3565.33 14999.9
0.002 3558.2 14999.9
0.002 3551.09 14999.9
0.002 3543.98 14999.9
0.002 3536.9 14999.9
0.002 3529.82 14999.9
0.002 3522.76 14999.9
0.002 3515.72 14999.9
0.002 3508.69 14999.9
0.002 3501.67 14999.9
0.002 3494.66 14999.9
0.002 3487.68 14999.9
0.002 3480.7 14999.9
0.002 3473.74 14999.9
0.002 3466.79 14999.9
0.002 3459.86 14999.9
0.002 3452.94 14999.9
0.002 3446.03 14999.9
0.002 3439.14 14999.9
0.002 3432.26 14999.9
0.002 3425.4 14999.9
0.002 3418.55 14999.9
0.002 3411.71 14999.9
0.002 3404.89 14999.9
0.002 3398.08 14999.9
0.002 3391.28 14999.9
0.002 3384.5 14999.9
0.002 3377.73 14999.9
0.002 3370.97 14999.9
0.002 3364.23 14999.9
0.002 3357.5 14999.9
0.002 3350.79 14999.9
0.002 3344.09 14999.9
0.002 3337.4 14999.9
0.002 3330.72 14999.9
0.002 3324.06 14999.9
0.002 3317.41 14999.9
0.002 3310.78 14999.9
0.002 3304.16 14999.9
0.002 3297.55 14999.9
0.002 3290.95 14999.9
0.002 3284.37 14999.9
0.002 3277.8 14999.9
0.002 3271.25 14999.9
0.002 3264.7 14999.9
0.002 3258.18 14999.9
0.002 3251.66 14999.9
0.002 3245.16 14999.9
0.002 3238.67 14999.9
0.002 3232.19 14999.9
0.002 3225.72 14999.9
0.002 3219.27 14999.9
0.002 3212.83 14999.9
0.002 3206.41 14999.9
0.002 3199.99 14999.9
0.002 3193.59 14999.9
0.002 3187.21 14999.9
0.002 3180.83 14999.9
0.002 3174.47 14999.9
0.002 3168.12 14999.9
0.002 3161.79 14999.9
0.002 3155.46 14999.9
0.002 3149.15 14999.9
0.002 3142.85 14999.9
0.002 3136.57 14999.9
0.002 3130.29 14999.9
0.002 3124.03 14999.9
0.002 3117.79 14999.9
0.002 3111.55 14999.9
0.002 3105.33 14999.9
0.002 3099.12 14999.9
0.002 3092.92 14999.9
0.002 3086.73 14999.9
0.002 3080.56 14999.9
0.002 3074.4 14999.9
0.002 3068.25 14999.9
0.002 3062.11 14999.9
0.002 3055.99 14999.9
0.002 3049.88 14999.9
0.002 3043.78 14999.9
0.002 3037.69 14999.9
0.002 3031.61 14999.9
0.002 3025.55 14999.9
0.002 3019.5 14999.9
0.002 3013.46 14999.9
0.002 3007.43 14999.9
0.002 3001.42 14999.9
0.002 2995.42 14999.9
0.002 2989.43 14999.9
0.002 2983.45 14999.9
0.002 2977.48 14999.9
0.002 2971.52 14999.9
0.002 2965.58 14999.9
0.002 2959.65 14999.9
0.002 2953.73 14999.9
0.002 2947.82 14999.9
0.002 2941.93 14999.9
0.002 2936.04 14999.8
0.002 2930.17 14999.8
0.002 2924.31 14999.8
0.002 2918.46 14999.8
0.002 2912.63 14999.8
0.002 2906.8 14999.8
0.002 2900.99 14999.8
0.002 2895.19 14999.8
0.002 2889.39 14999.8
0.002 2883.62 14999.8
0.002 2877.85 14999.8
0.002 2872.09 14999.8
0.002 2866.35 14999.8
0.002 2860.62 14999.8
0.002 2854.89 14999.8
0.002 2849.19 14999.8
0.002 2843.49 14999.8
0.002 2837.8 14999.8
0.002 2832.12 14999.8
0.002 2826.46 14999.8
0.002 2820.81 14999.8
0.002 2815.17 14999.8
0.002 2809.54 14999.8
0.002 2803.92 14999.8
0.002 2798.31 14999.8
0.002 2792.71 14999.8
0.002 2787.13 14999.8
0.002 2781.55 14999.8
0.002 2775.99 14999.8
0.002 2770.44 14999.8
0.002 2764.9 14999.8
0.002 2759.37 14999.8
0.002 2753.85 14999.8
0.002 2748.34 14999.8
0.002 2742.84 14999.8
0.002 2737.36 14999.8
0.002 2731.88 14999.8
0.002 2726.42 14999.8
0.002 2720.97 14999.8
0.002 2715.52 14999.8
0.002 2710.09 14999.8
0.002 2704.67 14999.8
0.002 2699.26 14999.8
0.002 2693.87 14999.8
0.002 2688.48 14999.8
0.002 2683.1 14999.8
0.002 2677.73 14999.8
0.002 2672.38 14999.8
0.002 2667.03 14999.8
0.002 2661.7 14999.8
0.002 2656.38 14999.8
0.002 2651.06 14999.8
0.002 2645.76 14999.8
0.002 2640.47 14999.8
0.002 2635.19 14999.8
0.002 2629.92 14999.8
0.002 2624.66 14999.8
0.002 2619.41 14999.8
0.002 2614.17 14999.8
0.002 2608.94 14999.8
0.002 2603.72 14999.8
0.002 2598.52 14999.8
0.002 2593.32 14999.8
0.002 2588.13 14999.8
0.002 2582.96 14999.8
0.002 2577.79 14999.8
0.002 2572.64 14999.8
0.002 2567.49 14999.8
0.002 2562.36 14999.8
0.002 2557.23 14999.8
0.002 2552.12 14999.8
0.002 2547.01 14999.8
0.002 2541.92 14999.8
0.002 2536.83 14999.8
0.002 2531.76 14999.8
0.002 2526.7 14999.8
0.002 2521.64 14999.8
0.002 2516.6 14999.8
0.002 2511.57 14999.8
0.002 2506.54 14999.8
0.002 2501.53 14999.8
0.002 2496.53 14999.8
0.002 2491.53 14999.8
0.002 2486.55 14999.8
0.002 2481.58 14999.8
0.002 2476.62 14999.8
0.002 2471.66 14999.8
0.002 2466.72 14999.8
0.002 2461.79 14999.8
0.002 2456.86 14999.8
0.002 2451.95 14999.8
0.002 2447.04 14999.8
0.002 2442.15 14999.8
0.002 2437.27 14999.8
0.002 2432.39 14999.8
0.002 2427.53 14999.8
0.002 2422.67 14999.8
0.002 2417.83 14999.8
0.002 2412.99 14999.8
0.002 2408.16 14999.8
0.002 2403.35 14999.8
0.002 2398.54 14999.8
0.002 2393.74 14999.8
0.002 2388.96 14999.8
0.002 2384.18 14999.8
0.002 2379.41 14999.8
0.002 2374.65 14999.8
0.002 2369.9 14999.8
0.002 2365.16 14999.8
0.002 2360.43 14999.8
0.002 2355.71 14999.8
0.002 2351 14999.8
0.002 2346.3 14999.8
0.002 2341.61 14999.8
0.002 2336.92 14999.8
0.002 2332.25 14999.8
0.002 2327.58 14999.8
0.002 2322.93 14999.8
0.002 2318.28 14999.8
0.002 2313.65 14999.8
0.002 2309.02 14999.8
0.002 2304.4 14999.8
0.002 2299.79 14999.8
0.002 2295.19 14999.8
0.002 2290.6 14999.8
0.002 2286.02 14999.8
0.002 2281.45 14999.8
0.002 2276.89 14999.8
0.002 2272.33 14999.8
0.002 2267.79 14999.8
0.002 2263.25 14999.8
0.002 2258.73 14999.8
0.002 2254.21 14999.8
0.002 2249.7 14999.8
0.002 2245.2 14999.8
0.002 2240.71 14999.8
0.002 2236.23 14999.8
0.002 2231.76 14999.8
0.002 2227.29 14999.8
0.002 2222.84 14999.8
0.002 2218.39 14999.8
0.002 2213.96 14999.8
0.002 2209.53 14999.8
0.002 2205.11 14999.8
0.002 2200.7 14999.8
0.002 2196.3 14999.8
0.002 2191.9 14999.8
0.002 2187.52 14999.8
0.002 2183.15 14999.8
0.002 2178.78 14999.8
0.002 2174.42 14999.8
0.002 2170.07 14999.8
0.002 2165.73 14999.8
0.002 2161.4 14999.8
0.002 2157.08 14999.8
0.002 2152.76 14999.8
0.002 2148.46 14999.8
0.002 2144.16 14999.8
0.002 2139.87 14999.8
0.002 2135.59 14999.8
0.002 2131.32 14999.8
0.002 2127.06 14999.8
0.002 2122.81 14999.8
0.002 2118.56 14999.8
0.002 2114.32 14999.8
0.002 2110.09 14999.8
0.002 2105.87 14999.8
0.002 2101.66 14999.8
0.002 2097.46 14999.8
0.002 2093.26 14999.8
0.002 2089.08 14999.8
0.002 2084.9 14999.8
0.002 2080.73 14999.8
0.002 2076.57 14999.8
0.002 2072.42 14999.8
0.002 2068.27 14999.8
0.002 2064.13 14999.8
0.002 2060.01 14999.8
0.002 2055.89 14999.8
0.002 2051.77 14999.8
0.002 2047.67 14999.8
0.002 2043.57 14999.8
0.002 2039.49 14999.8
0.002 2035.41 14999.8
