1 1
5 9
14 36
30 100
55 225
91 441
140 784
204 1296
285 2025
385 3025
506 4356
650 6084
819 8281
1015 11025
1240 14400
1496 18496
1785 23409
2109 29241
2470 36100
2870 44100
3311 53361
3795 64009
4324 76176
4900 90000
5525 105625
6201 123201
6930 142884
7714 164836
8555 189225
9455 216225
10416 246016
11440 278784
12529 314721
13685 354025
14910 396900
16206 443556
17575 494209
19019 549081
20540 608400
22140 672400
23821 741321
25585 815409
27434 894916
29370 980100
31395 1071225
33511 1168561
35720 1272384
38024 1382976
40425 1500625
42925 1625625
45526 1758276
48230 1898884
51039 2047761
53955 2205225
56980 2371600
60116 2547216
63365 2732409
66729 2927521
70210 3132900
73810 3348900
77531 3575881
81375 3814209
85344 4064256
89440 4326400
93665 4601025
98021 4888521
102510 5189284
107134 5503716
111895 5832225
116795 6175225
121836 6533136
127020 6906384
132349 7295401
137825 7700625
143450 8122500
149226 8561476
155155 9018009
161239 9492561
167480 9985600
173880 10497600
180441 11029041
187165 11580409
194054 12152196
201110 12744900
208335 13359025
215731 13995081
223300 14653584
231044 15335056
238965 16040025
247065 16769025
255346 17522596
263810 18301284
272459 19105641
281295 19936225
290320 20793600
299536 21678336
308945 22591009
318549 23532201
328350 24502500
338350 25502500
