DSLKFJSADFK SD FSAFJSDALKFSAD SDA FKSDAF ASKD.
SDAKFJASDKFJKDFKJASJFASKJF423432142342349213'84923148'23
SADFSJADFSAFSADF SALFJSADFLJSDLF LKFJ SDF JS
23I4 U2198
14
3
F4
43
F
F25
32F3434 G45 45
SDFKJSADLFKJSADFKSJADFLKSADJFSLAKDFSLDKAFJSDAKFJSDAKFLJSAKLFJSDA SDLKFJ SDLKF JSDALKFJSALDKF.
SLFHSADLFJASDHFKASJDLFHSDLAJFHASDKJFLSDHFKJHAFWEAFSLKJF DF JASSD LFAHSD KJLSAHD FKJSADHF ASL FJASD KLASD.
LA GALLINA TURULECALA AALALALALALA.
ASLALALALALLALALALALA A ALALA                      LALALALALALALAL.
A                                   B                                       C.
SDKFASFAS
F
ASDF
SDA
FS
AF
SAD
F
SADF
SDA
F
SADF
SAD
F
WE
RW
ET
REY
RITY
O
YTU
Y
P
L AS AS SD F SADFAS.
T
ME
G
EW
GW
T
RNJ
N
JSJAJASHWUWYYWW W QW   QWIOEWQIEIWQEQWIUE QWE QW EQWIE WQIEU QW IE QWIE QWIUEUIW QE WQ E  F SD AF.
