1
2
4
6
8
10
132
154
14
16
244
22
622
4
244
22
4
2
1084
10
1176
13044
6
284
241999999999999999999999999999999998
199999999999999999999999999999999998
199999999999999999999999999999999998
246246246242462462462462462460
246246246246426246246246246244
426246246246246246246246246246246246246246246244
246246246246246246246246246246865072915094872915174789122641957124783748240842753025972
309584698164275671380
42789634469811264979138
26919431218186914396691424189138208
6851816685007512685815126496151242681912078912411636847634083134924261749242768427202526974042736822
46381492586292460922472
463894122461895246206
4269795262578952265894
427749872247969222
4699744273695847363954840
462971968427192863162924756992463758925972
42797490247388247188427095642728957122579492247699425269792
42697946252962470894427116967183385709169971397124397131377131373996394
4269758462937847492625748247388463749224779492247694432778944272975864328427749384277592460
42697446297944692476952427744775828643789526257894526
6429758246928735668478936625569224769584327388477483892427758838924276
