cewitme
wre
dasdasdsakjhauweifhasdjfhiweufhasjkfhweiufhaksjfiuwea
jfhawkfhwuefsakhweiuaskhfgweafajhsadguf
skajdfhaskjfhafahsdfweiufhwqieoufhwqiuf
sadkfsadiufahfuiashfiuwehfasifhiweufhsdjaweqiufhas
sadfhsaifuhowhfiweufhwifhsakjdfwiuefhasjfhwiufhsajfhwiufhasiufwauiofhsau
sadkjfhsajfhsadjfhsakjfshadkfjsadhflkjadhfasjdkf
lajskdfhsaldjfhsakjfhsadkljfhadlkjahasflasjfsaldf
sdfiouwiuwqhfuwifhioufhwqeiuofhweqoiufhwqeiuwqhof
fwuoqrywieouywqeiuroyweiruweqyiruweoruwerwqu
qwuiyrqwiuryqiourqywiruyriwuqyrwqeiuryweqiuryeuryeuryeuryryeuryeru
riouwefsidfohsadjfhueqwiofsdkjfhuiweohfasjfwueiohsadfweuo
ewifuwhihfwqeiurweuqifhweiufhwiuweiuqroweyiuf
dwiuhdwqoiuwqeiuhsfbsdjkvbavhsdfhfa
fsadkjfhskjdhaskjdhasdkjashdaskjda
asdasdasdasdasdsdsdsdsadasdasdasdas
dsdasdasadasdasdsad
fwuiwqeryweqiuoryewqiurywqeiurqweoryqweiourwyqer
dkjvsjvnsadhiouwevfsvjlvhausoiweuifkvbsiafweoi
werioyweriqeyorioqweuryweqiourywqeiurqoe
qwieuyrwqeiuryweiuoryweiqurywieq
vxvxzvbxvsdhfiuhfwiuhskj
v



d
e
f
g
h
sdfkjsdahfkasdhfl
weiuroweyriuqweoy
wqoieruywqeiousahdkfhsadlf
sdaoifwiofashdvuoiwvbie
qwiocvwbicfwqbcwqoeifhwuifhwqoei
saiofwhqifuhwqeifuowqehfiowqefhq
wioufhwqeioufhwqiufhwqifowq
wiqeofhwqeiufhwqiofhwqeiufwqoe
