Hoshina
Hashino
Masayuki Hoshina was the grandson of Ieyasu Tokugawa
Hoshina
Hashino
Masayuki Hoshina was the grandson of Ieyasu Tokugawa
Hoshina
Hashino
Masayuki Hoshina was the grandson of Ieyasu Tokugawa
Hoshina
Hashino
Masayuki Hoshina was the grandson of Ieyasu Tokugawa
Hoshina
Hashino
Masayuki Hoshina was the grandson of Ieyasu Tokugawa
Hoshina
Hashino
Masayuki Hoshina was the grandson of Ieyasu Tokugawa
la gallinaHoshinaHoshinaHoshinaHoshinaHoshinaHoshina
sakjdaslkdjaskdHoshinaHoshinasdaskdjaskldjasklHoshinaHoshinasadjaskdlHoshinaHoshina
sadkasjdkl                    Hoshina asdlja  Hoshina Hoshina Hoshina Hoshina Hoshina
asdjahsdjkasdqw wq uej ashashd h jda d adasdasdas dh asklaj sdh ask jldasdkjaskhdkj
sakjdasdas Hoshina Hoshina Hoshina Hoshina Hoshina Hoshina Hashina Hashina
Hosheno Hosheno Hosheno Hosheno

