0 230 297 367 461 467 557 587 603 621 669 760 780 850 905 928 951 976 977 1060 1110 1169 1228 1230 1341 IMPOSSIBLE
0 0 24 35 179 242 256 365 503 520 523 548 663 669 672 800 990 1061 1091 1095 1108 1193 1204 1211 1303 POSSIBLE
0 104 136 224 309 452 480 520 525 607 631 733 791 836 852 866 890 947 1049 1058 1195 1215 1261 1339 1420 POSSIBLE
0 14 43 58 85 118 189 307 327 350 550 616 670 754 798 806 911 941 959 1025 1182 1242 1274 1280 1403 POSSIBLE
0 203 235 286 306 313 485 499 542 599 827 828 871 892 954 963 1009 1134 1170 1193 1198 1212 1272 1331 1385 IMPOSSIBLE
0 32 41 109 170 250 299 309 312 456 613 632 653 701 727 749 753 867 1039 1213 1247 1322 1347 1384 1403 POSSIBLE
0 52 83 129 151 161 217 249 288 320 342 373 439 474 477 539 619 881 1118 1172 1214 1240 1286 1343 1393 IMPOSSIBLE
0 12 52 115 133 150 164 269 323 518 611 664 688 696 703 757 769 904 1057 1204 1253 1333 1339 1390 1394 POSSIBLE
0 130 159 265 270 356 520 531 593 614 758 784 810 1027 1046 1075 1079 1115 1120 1155 1166 1182 1336 1369 1401 IMPOSSIBLE
0 146 167 242 251 290 335 344 356 410 604 610 626 677 870 951 984 1073 1141 1144 1166 1173 1179 1217 1292 POSSIBLE
0 33 66 115 198 247 262 323 369 525 592 640 692 840 869 882 890 903 949 1065 1112 1124 1182 1270 1390 POSSIBLE
0 19 71 88 305 529 591 632 653 692 769 776 830 860 910 1014 1028 1033 1080 1148 1172 1196 1268 1296 1323 IMPOSSIBLE
0 32 45 115 281 337 435 462 497 543 576 624 678 825 827 854 895 998 1078 1148 1167 1229 1389 1391 1408 POSSIBLE
0 30 55 62 195 287 321 395 445 572 625 679 722 764 785 792 800 857 873 1043 1166 1167 1263 1374 1406 POSSIBLE
0 205 250 251 290 321 398 489 655 814 841 850 879 912 941 969 1090 1145 1165 1212 1221 1279 1326 1343 1410 IMPOSSIBLE
0 28 63 64 290 396 419 425 481 749 765 944 1013 1016 1095 1108 1125 1148 1173 1199 1218 1230 1337 1375 1393 IMPOSSIBLE
0 42 68 127 203 298 311 313 361 462 534 611 772 791 827 840 855 948 1042 1047 1119 1291 1292 1321 1358 POSSIBLE
0 26 149 179 317 343 378 471 506 548 681 928 948 1029 1099 1102 1106 1117 1160 1166 1232 1317 1331 1385 1404 IMPOSSIBLE
0 17 212 309 427 500 608 634 650 652 696 700 743 749 842 881 1002 1067 1123 1124 1144 1153 1359 1367 1376 IMPOSSIBLE
0 1 19 98 125 333 374 471 472 566 642 731 733 799 848 899 947 974 1098 1101 1223 1241 1256 1314 1353 IMPOSSIBLE
