1 => 1
2 => 3
3 => 7
4 => 13
5 => 21
6 => 31
7 => 43
8 => 57
9 => 73
10 => 91
11 => 111
12 => 133
13 => 157
14 => 183
15 => 211
16 => 241
17 => 273
18 => 307
1 => 1
100 => 9901
1000 => 999001
100 => 9901
200 => 39801
300 => 89701
400 => 159601
500 => 249501
600 => 359401
700 => 489301
800 => 639201
900 => 809101
1000 => 999001
10 => 91
20 => 381
30 => 871
40 => 1561
50 => 2451
60 => 3541
70 => 4831
80 => 6321
90 => 8011
101 => 10101
202 => 40603
303 => 91507
404 => 162813
505 => 254521
606 => 366631
707 => 499143
808 => 652057
909 => 825373
111 => 12211
222 => 49063
333 => 110557
444 => 196693
555 => 307471
666 => 442891
777 => 602953
888 => 787657
999 => 997003
